[0622/184744.781:WARNING:spdy_session.cc(3365)] Received HEADERS for invalid stream 3
[0622/184744.781:WARNING:spdy_session.cc(3365)] Received HEADERS for invalid stream 5
[0727/171056.954:ERROR:audio_rtp_receiver.cc(89)] AudioRtpReceiver::OnSetVolume: No audio channel exists.
[0727/171056.954:WARNING:used_ids.h(55)] Duplicate id found. Reassigning from 104 to 127
[0727/171056.954:WARNING:used_ids.h(55)] Duplicate id found. Reassigning from 102 to 125
[0727/171056.955:WARNING:used_ids.h(55)] Duplicate id found. Reassigning from 104 to 124
[0727/171056.955:WARNING:used_ids.h(55)] Duplicate id found. Reassigning from 106 to 123
[0727/171056.955:WARNING:used_ids.h(55)] Duplicate id found. Reassigning from 103 to 122
[0727/171056.955:WARNING:used_ids.h(55)] Duplicate id found. Reassigning from 105 to 121
[0727/171056.955:WARNING:used_ids.h(55)] Duplicate id found. Reassigning from 109 to 120
[0727/171056.955:WARNING:used_ids.h(55)] Duplicate id found. Reassigning from 1 to 14
[0727/171056.955:WARNING:used_ids.h(55)] Duplicate id found. Reassigning from 3 to 13
[0727/171056.955:WARNING:used_ids.h(55)] Duplicate id found. Reassigning from 5 to 12
[0727/171056.955:WARNING:used_ids.h(55)] Duplicate id found. Reassigning from 6 to 11
[0727/171104.548:ERROR:audio_rtp_receiver.cc(89)] AudioRtpReceiver::OnSetVolume: No audio channel exists.
[0727/171104.548:WARNING:used_ids.h(55)] Duplicate id found. Reassigning from 104 to 127
[0727/171104.548:WARNING:used_ids.h(55)] Duplicate id found. Reassigning from 102 to 125
[0727/171104.548:WARNING:used_ids.h(55)] Duplicate id found. Reassigning from 104 to 124
[0727/171104.548:WARNING:used_ids.h(55)] Duplicate id found. Reassigning from 106 to 123
[0727/171104.548:WARNING:used_ids.h(55)] Duplicate id found. Reassigning from 103 to 122
[0727/171104.548:WARNING:used_ids.h(55)] Duplicate id found. Reassigning from 105 to 121
[0727/171104.548:WARNING:used_ids.h(55)] Duplicate id found. Reassigning from 109 to 120
[0727/171104.548:WARNING:used_ids.h(55)] Duplicate id found. Reassigning from 1 to 14
[0727/171104.548:WARNING:used_ids.h(55)] Duplicate id found. Reassigning from 3 to 13
[0727/171104.548:WARNING:used_ids.h(55)] Duplicate id found. Reassigning from 5 to 12
[0727/171104.548:WARNING:used_ids.h(55)] Duplicate id found. Reassigning from 6 to 11
[0727/171115.518:ERROR:audio_rtp_receiver.cc(89)] AudioRtpReceiver::OnSetVolume: No audio channel exists.
[0727/171115.518:WARNING:used_ids.h(55)] Duplicate id found. Reassigning from 104 to 127
[0727/171115.518:WARNING:used_ids.h(55)] Duplicate id found. Reassigning from 102 to 125
[0727/171115.518:WARNING:used_ids.h(55)] Duplicate id found. Reassigning from 104 to 124
[0727/171115.518:WARNING:used_ids.h(55)] Duplicate id found. Reassigning from 106 to 123
[0727/171115.518:WARNING:used_ids.h(55)] Duplicate id found. Reassigning from 103 to 122
[0727/171115.518:WARNING:used_ids.h(55)] Duplicate id found. Reassigning from 105 to 121
[0727/171115.518:WARNING:used_ids.h(55)] Duplicate id found. Reassigning from 109 to 120
[0727/171115.518:WARNING:used_ids.h(55)] Duplicate id found. Reassigning from 1 to 14
[0727/171115.518:WARNING:used_ids.h(55)] Duplicate id found. Reassigning from 3 to 13
[0727/171115.518:WARNING:used_ids.h(55)] Duplicate id found. Reassigning from 5 to 12
[0727/171115.518:WARNING:used_ids.h(55)] Duplicate id found. Reassigning from 6 to 11
[0727/171127.381:ERROR:audio_rtp_receiver.cc(89)] AudioRtpReceiver::OnSetVolume: No audio channel exists.
[0727/171127.382:WARNING:used_ids.h(55)] Duplicate id found. Reassigning from 104 to 127
[0727/171127.382:WARNING:used_ids.h(55)] Duplicate id found. Reassigning from 102 to 125
[0727/171127.382:WARNING:used_ids.h(55)] Duplicate id found. Reassigning from 104 to 124
[0727/171127.382:WARNING:used_ids.h(55)] Duplicate id found. Reassigning from 106 to 123
[0727/171127.382:WARNING:used_ids.h(55)] Duplicate id found. Reassigning from 103 to 122
[0727/171127.382:WARNING:used_ids.h(55)] Duplicate id found. Reassigning from 105 to 121
[0727/171127.382:WARNING:used_ids.h(55)] Duplicate id found. Reassigning from 109 to 120
[0727/171127.382:WARNING:used_ids.h(55)] Duplicate id found. Reassigning from 1 to 14
[0727/171127.382:WARNING:used_ids.h(55)] Duplicate id found. Reassigning from 3 to 13
[0727/171127.382:WARNING:used_ids.h(55)] Duplicate id found. Reassigning from 5 to 12
[0727/171127.382:WARNING:used_ids.h(55)] Duplicate id found. Reassigning from 6 to 11
[0727/171134.445:ERROR:batching_media_log.cc(38)] MediaEvent: {"error":"FFmpegDemuxer: no supported streams"}
[0727/171134.445:ERROR:batching_media_log.cc(35)] MediaEvent: {"pipeline_error":14}
[0727/171134.639:ERROR:batching_media_log.cc(38)] MediaEvent: {"error":"FFmpegDemuxer: no supported streams"}
[0727/171134.639:ERROR:batching_media_log.cc(35)] MediaEvent: {"pipeline_error":14}
